{
  "RSpec": {
    "coverage": {
      "/home/magical-designer-4178/tic-tac-toe-rb-online-web-sp-000/lib/tic_tac_toe.rb": [
        1,
        1,
        null,
        null,
        null,
        null,
        1,
        null,
        null,
        null,
        null,
        null,
        null,
        null,
        null,
        null,
        null,
        null,
        1,
        25,
        25,
        25,
        25,
        25,
        null,
        null,
        null,
        null,
        null,
        1,
        11,
        18,
        null,
        11,
        null,
        null,
        null,
        5,
        0,
        0,
        null,
        null,
        null,
        null,
        null,
        null,
        1,
        21,
        21,
        21,
        21,
        20,
        20,
        20,
        null,
        1,
        null,
        null,
        null,
        null,
        null,
        null,
        1,
        24,
        null,
        null,
        null,
        null,
        1,
        23,
        23,
        0,
        null,
        null,
        null,
        null,
        null,
        null,
        1,
        24,
        null,
        null,
        null,
        null,
        null,
        null,
        null,
        1,
        22,
        22,
        198,
        32,
        null,
        null,
        22,
        null,
        null,
        null,
        1,
        21,
        21,
        14,
        null,
        7,
        null,
        null,
        null,
        null,
        1,
        26,
        23,
        null,
        3,
        null,
        null,
        null,
        null,
        null,
        null,
        1,
        37,
        248,
        248,
        248,
        null,
        248,
        248,
        248,
        null,
        null,
        248,
        null,
        null,
        null,
        null,
        null,
        1,
        109,
        null,
        null,
        1,
        17,
        null,
        null,
        null,
        1,
        21,
        null,
        null,
        null,
        1,
        3,
        3,
        2,
        null,
        null
      ]
    },
    "timestamp": 1605631305
  }
}
