{
  "RSpec": {
    "coverage": {
      "/home/magical-designer-4178/tic-tac-toe-rb-online-web-sp-000/lib/tic_tac_toe.rb": [
        1,
        1,
        null,
        null,
        null,
        null,
        1,
        null,
        null,
        null,
        null,
        null,
        null,
        null,
        null,
        null,
        null,
        null,
        1,
        15,
        15,
        15,
        15,
        15,
        null,
        null,
        null,
        null,
        null,
        1,
        10,
        11,
        null,
        10,
        null,
        null,
        null,
        4,
        4,
        0,
        null,
        null,
        null,
        null,
        null,
        null,
        1,
        14,
        14,
        14,
        14,
        13,
        13,
        13,
        null,
        1,
        null,
        null,
        null,
        null,
        null,
        null,
        1,
        17,
        null,
        null,
        null,
        null,
        1,
        16,
        16,
        0,
        null,
        null,
        null,
        null,
        null,
        null,
        1,
        17,
        null,
        null,
        null,
        null,
        null,
        null,
        null,
        1,
        15,
        15,
        135,
        11,
        null,
        null,
        15,
        null,
        null,
        null,
        1,
        14,
        14,
        10,
        null,
        4,
        null,
        null,
        null,
        null,
        1,
        19,
        16,
        null,
        3,
        null,
        null,
        null,
        null,
        null,
        null,
        1,
        31,
        181,
        181,
        181,
        null,
        181,
        181,
        181,
        null,
        null,
        181,
        null,
        null,
        null,
        null,
        null,
        1,
        90,
        null,
        null,
        1,
        14,
        null,
        null,
        null,
        1,
        13,
        null,
        null,
        null,
        1,
        6,
        6,
        5,
        null,
        null
      ]
    },
    "timestamp": 1605631686
  }
}
